<?xml version="1.0" encoding="UTF-8"?>
<!-- Generated by org.testng.reporters.JUnitReportReporter -->
<testsuite hostname="Mallesh" failures="0" tests="1" name="testCases.TC0001_Register" time="3.481" errors="0" timestamp="2025-02-28T12:59:02 IST" skipped="0">
  <testcase classname="testCases.TC0001_Register" name="verify_account_registration" time="3.481"/>
  <system-out/>
</testsuite> <!-- testCases.TC0001_Register -->
