<?xml version="1.0" encoding="UTF-8"?>
<!-- Generated by org.testng.reporters.JUnitReportReporter -->
<testsuite hostname="Mallesh" failures="0" tests="5" name="testCases.TC0003_LoginDDT" time="27.796" errors="0" timestamp="2025-02-25T18:15:20 IST" skipped="0">
  <testcase classname="testCases.TC0003_LoginDDT" name="verify_LoginDDT" time="1.669"/>
  <system-out/>
  <testcase classname="testCases.TC0003_LoginDDT" name="verify_LoginDDT" time="11.208"/>
  <system-out/>
  <testcase classname="testCases.TC0003_LoginDDT" name="verify_LoginDDT" time="2.017"/>
  <system-out/>
  <testcase classname="testCases.TC0003_LoginDDT" name="verify_LoginDDT" time="11.195"/>
  <system-out/>
  <testcase classname="testCases.TC0003_LoginDDT" name="verify_LoginDDT" time="1.707"/>
  <system-out/>
</testsuite> <!-- testCases.TC0003_LoginDDT -->
