<?xml version="1.0" encoding="UTF-8"?>
<!-- Generated by org.testng.reporters.JUnitReportReporter -->
<testsuite hostname="Mallesh" failures="0" tests="1" name="testCases.TC0001_Register" time="2.958" errors="0" timestamp="2025-02-28T17:59:32 IST" skipped="0">
  <testcase classname="testCases.TC0001_Register" name="verify_account_registration" time="2.958"/>
</testsuite> <!-- testCases.TC0001_Register -->
