<?xml version="1.0" encoding="UTF-8"?>
<!-- Generated by org.testng.reporters.JUnitReportReporter -->
<testsuite hostname="Mallesh" failures="0" tests="1" name="testCases.TC0002_Login" time="1.876" errors="0" timestamp="2025-02-28T17:59:32 IST" skipped="0">
  <testcase classname="testCases.TC0002_Login" name="LoginTest" time="1.876"/>
</testsuite> <!-- testCases.TC0002_Login -->
